#-----------------------------------------------------------
# Vivado v2018.3 (64-bit)
# SW Build 2405991 on Thu Dec  6 23:38:27 MST 2018
# IP Build 2404404 on Fri Dec  7 01:43:56 MST 2018
# Start of session at: Wed Dec 21 15:36:28 2022
# Process ID: 10048
# Current directory: D:/VVV/project_2
# Command line: vivado.exe -gui_launcher_event rodinguilauncherevent10012 D:\VVV\project_2\project_2.xpr
# Log file: D:/VVV/project_2/vivado.log
# Journal file: D:/VVV/project_2\vivado.jou
#-----------------------------------------------------------
start_gui
open_project D:/VVV/project_2/project_2.xpr
Scanning sources...
Finished scanning sources
INFO: [IP_Flow 19-234] Refreshing IP repositories
INFO: [IP_Flow 19-1704] No user IP repositories specified
INFO: [IP_Flow 19-2313] Loaded Vivado IP repository 'C:/Xilinx/Vivado/2018.3/data/ip'.
open_project: Time (s): cpu = 00:00:12 ; elapsed = 00:00:11 . Memory (MB): peak = 714.027 ; gain = 135.031
exit
INFO: [Common 17-206] Exiting Vivado at Wed Dec 21 15:37:07 2022...
